0 info it worked if it ends with ok
1 verbose cli [ '/Users/Roy/.nvm/versions/node/v6.2.2/bin/node',
1 verbose cli   '/Users/Roy/.nvm/versions/node/v6.2.2/bin/npm',
1 verbose cli   'run',
1 verbose cli   'build' ]
2 info using npm@3.9.5
3 info using node@v6.2.2
4 verbose run-script [ 'prebuild', 'build', 'postbuild' ]
5 info lifecycle react-boilerplate@1.0.0~prebuild: react-boilerplate@1.0.0
6 silly lifecycle react-boilerplate@1.0.0~prebuild: no script for prebuild, continuing
7 info lifecycle react-boilerplate@1.0.0~build: react-boilerplate@1.0.0
8 verbose lifecycle react-boilerplate@1.0.0~build: unsafe-perm in lifecycle true
9 verbose lifecycle react-boilerplate@1.0.0~build: PATH: /Users/Roy/.nvm/versions/node/v6.2.2/lib/node_modules/npm/bin/node-gyp-bin:/Users/Roy/projects/react-boilerplate/node_modules/.bin:/Users/Roy/.nvm/versions/node/v6.2.2/bin:/Users/Roy/.nvm/versions/node/v6.2.2/bin:/Library/Frameworks/Python.framework/Versions/3.4/bin:/usr/local/bin:/usr/bin:/bin:/usr/sbin:/sbin
10 verbose lifecycle react-boilerplate@1.0.0~build: CWD: /Users/Roy/projects/react-boilerplate
11 silly lifecycle react-boilerplate@1.0.0~build: Args: [ '-c',
11 silly lifecycle   'webpack -d && cp src/index.html dist/index.html && webpack-dev-server --content-base src/ --inline --hot' ]
12 silly lifecycle react-boilerplate@1.0.0~build: Returned: code: 1  signal: null
13 info lifecycle react-boilerplate@1.0.0~build: Failed to exec build script
14 verbose stack Error: react-boilerplate@1.0.0 build: `webpack -d && cp src/index.html dist/index.html && webpack-dev-server --content-base src/ --inline --hot`
14 verbose stack Exit status 1
14 verbose stack     at EventEmitter.<anonymous> (/Users/Roy/.nvm/versions/node/v6.2.2/lib/node_modules/npm/lib/utils/lifecycle.js:245:16)
14 verbose stack     at emitTwo (events.js:106:13)
14 verbose stack     at EventEmitter.emit (events.js:191:7)
14 verbose stack     at ChildProcess.<anonymous> (/Users/Roy/.nvm/versions/node/v6.2.2/lib/node_modules/npm/lib/utils/spawn.js:24:14)
14 verbose stack     at emitTwo (events.js:106:13)
14 verbose stack     at ChildProcess.emit (events.js:191:7)
14 verbose stack     at maybeClose (internal/child_process.js:852:16)
14 verbose stack     at Process.ChildProcess._handle.onexit (internal/child_process.js:215:5)
15 verbose pkgid react-boilerplate@1.0.0
16 verbose cwd /Users/Roy/projects/react-boilerplate
17 error Darwin 15.5.0
18 error argv "/Users/Roy/.nvm/versions/node/v6.2.2/bin/node" "/Users/Roy/.nvm/versions/node/v6.2.2/bin/npm" "run" "build"
19 error node v6.2.2
20 error npm  v3.9.5
21 error code ELIFECYCLE
22 error react-boilerplate@1.0.0 build: `webpack -d && cp src/index.html dist/index.html && webpack-dev-server --content-base src/ --inline --hot`
22 error Exit status 1
23 error Failed at the react-boilerplate@1.0.0 build script 'webpack -d && cp src/index.html dist/index.html && webpack-dev-server --content-base src/ --inline --hot'.
23 error Make sure you have the latest version of node.js and npm installed.
23 error If you do, this is most likely a problem with the react-boilerplate package,
23 error not with npm itself.
23 error Tell the author that this fails on your system:
23 error     webpack -d && cp src/index.html dist/index.html && webpack-dev-server --content-base src/ --inline --hot
23 error You can get information on how to open an issue for this project with:
23 error     npm bugs react-boilerplate
23 error Or if that isn't available, you can get their info via:
23 error     npm owner ls react-boilerplate
23 error There is likely additional logging output above.
24 verbose exit [ 1, true ]
